<?xml version="1.0" encoding="UTF-8"?>
<testsuite xmlns:xsi="http://www.w3.org/2001/XMLSchema-instance" xsi:noNamespaceSchemaLocation="https://maven.apache.org/surefire/maven-surefire-plugin/xsd/surefire-test-report.xsd" version="3.0.1" name="TestSuite" time="2.268" tests="1" errors="0" skipped="0" failures="0">
  <properties>
[...]
</properties>
  <testcase name="loginTest" classname="com.api.tests.LoginAPITest" time="1.31">
    <system-out><![CDATA[2026-03-05 20:23:09 [main] INFO  com.api.listeners.TestListenerMain - Test Suite Started!!!
2026-03-05 20:23:09 [main] INFO  com.api.listeners.TestListenerMain - Started!! loginTest
2026-03-05 20:23:09 [main] INFO  com.api.listeners.TestListenerMain - Description!! Verify if login API is working...
2026-03-05 20:23:10 [main] INFO  com.api.filters.LoggingFilter - BASE URI: http://64.227.160.186:8080
2026-03-05 20:23:10 [main] INFO  com.api.filters.LoggingFilter - Request Header: Accept=*/*
Content-Type=application/json
2026-03-05 20:23:10 [main] INFO  com.api.filters.LoggingFilter - Request Payload: {"username":"Nithin","password":"nithin123@"}
2026-03-05 20:23:10 [main] INFO  com.api.filters.LoggingFilter - Status Code: 200
2026-03-05 20:23:10 [main] INFO  com.api.filters.LoggingFilter - Response Header: Vary=Origin
Vary=Access-Control-Request-Method
Vary=Access-Control-Request-Headers
Access-Control-Allow-Origin=https://swift.techwithjatin.com
Access-Control-Allow-Methods=GET, POST, PUT, DELETE, OPTIONS
Access-Control-Max-Age=3600
Access-Control-Allow-Headers=Authorization, Content-Type, Accept
Access-Control-Allow-Credentials=true
X-Content-Type-Options=nosniff
X-XSS-Protection=0
Cache-Control=no-cache, no-store, max-age=0, must-revalidate
Pragma=no-cache
Expires=0
X-Frame-Options=DENY
Content-Type=application/json
Transfer-Encoding=chunked
Date=Thu, 05 Mar 2026 14:53:10 GMT
Keep-Alive=timeout=60
Connection=keep-alive
{
    "token": "eyJhbGciOiJIUzI1NiJ9.eyJzdWIiOiJOaXRoaW4iLCJpYXQiOjE3NzI3MjIzOTAsImV4cCI6MTc3MjcyNTk5MH0.Y0yn7CpfLLijw1TeiljrYVqzvyo7ni9a6QdpiVxPD6s",
    "type": "Bearer",
    "id": 4096,
    "username": "Nithin",
    "email": "nithinpaur@gmail.com",
    "roles": [
        "ROLE_USER"
    ]
}
2026-03-05 20:23:10 [main] INFO  com.api.filters.LoggingFilter - Response Body: {
    "token": "eyJhbGciOiJIUzI1NiJ9.eyJzdWIiOiJOaXRoaW4iLCJpYXQiOjE3NzI3MjIzOTAsImV4cCI6MTc3MjcyNTk5MH0.Y0yn7CpfLLijw1TeiljrYVqzvyo7ni9a6QdpiVxPD6s",
    "type": "Bearer",
    "id": 4096,
    "username": "Nithin",
    "email": "nithinpaur@gmail.com",
    "roles": [
        "ROLE_USER"
    ]
}
{
    "token": "eyJhbGciOiJIUzI1NiJ9.eyJzdWIiOiJOaXRoaW4iLCJpYXQiOjE3NzI3MjIzOTAsImV4cCI6MTc3MjcyNTk5MH0.Y0yn7CpfLLijw1TeiljrYVqzvyo7ni9a6QdpiVxPD6s",
    "type": "Bearer",
    "id": 4096,
    "username": "Nithin",
    "email": "nithinpaur@gmail.com",
    "roles": [
        "ROLE_USER"
    ]
}
{
    "token": "eyJhbGciOiJIUzI1NiJ9.eyJzdWIiOiJOaXRoaW4iLCJpYXQiOjE3NzI3MjIzOTAsImV4cCI6MTc3MjcyNTk5MH0.Y0yn7CpfLLijw1TeiljrYVqzvyo7ni9a6QdpiVxPD6s",
    "type": "Bearer",
    "id": 4096,
    "username": "Nithin",
    "email": "nithinpaur@gmail.com",
    "roles": [
        "ROLE_USER"
    ]
}
eyJhbGciOiJIUzI1NiJ9.eyJzdWIiOiJOaXRoaW4iLCJpYXQiOjE3NzI3MjIzOTAsImV4cCI6MTc3MjcyNTk5MH0.Y0yn7CpfLLijw1TeiljrYVqzvyo7ni9a6QdpiVxPD6s
nithinpaur@gmail.com
4096
]]></system-out>
    <system-err><![CDATA[SLF4J(W): No SLF4J providers were found.
SLF4J(W): Defaulting to no-operation (NOP) logger implementation
SLF4J(W): See https://www.slf4j.org/codes.html#noProviders for further details.
[ROLE_USER]
]]></system-err>
  </testcase>
</testsuite>