<?xml version="1.0" encoding="UTF-8"?>
<testng-results ignored="0" total="1" passed="1" failed="0" skipped="0">
  <reporter-output>
  </reporter-output>
  <suite started-at="2026-03-04T23:37:22 IST" name="API Test Suite" finished-at="2026-03-04T23:37:23 IST" duration-ms="1287">
    <groups>
    </groups>
    <test started-at="2026-03-04T23:37:22 IST" name="API Test" finished-at="2026-03-04T23:37:23 IST" duration-ms="1287">
      <class name="com.api.tests.LoginAPITest">
        <test-method signature="loginTest()[pri:0, instance:com.api.tests.LoginAPITest@c267ef4]" started-at="2026-03-04T23:37:22 IST" name="loginTest" description="Verify if login API is working..." finished-at="2026-03-04T23:37:23 IST" duration-ms="1261" status="PASS">
          <reporter-output>
          </reporter-output>
        </test-method> <!-- loginTest -->
      </class> <!-- com.api.tests.LoginAPITest -->
    </test> <!-- API Test -->
  </suite> <!-- API Test Suite -->
</testng-results>
