<?xml version="1.0" encoding="UTF-8"?>
<!-- Generated by org.testng.reporters.JUnitXMLReporter -->
<testsuite ignored="0" hostname="LAPTOP-6U1REMNB" failures="1" tests="1" name="API Test" time="2.693" errors="0" timestamp="2026-03-05T12:32:14 IST">
  <testcase classname="com.api.tests.LoginAPITest" name="loginTest" time="1.941">
    <failure type="java.lang.NullPointerException" message="Cannot invoke &amp;quot;com.aventstack.extentreports.ExtentTest.log(com.aventstack.extentreports.Status, String)&amp;quot; because the return value of &amp;quot;java.lang.ThreadLocal.get()&amp;quot; is null">
      <![CDATA[java.lang.NullPointerException: Cannot invoke "com.aventstack.extentreports.ExtentTest.log(com.aventstack.extentreports.Status, String)" because the return value of "java.lang.ThreadLocal.get()" is null
at com.api.reporting.ExtentReportManager2.logRequest(ExtentReportManager2.java:70)
at com.api.filters.LoggingFilter.logRequest(LoggingFilter.java:31)
at com.api.filters.LoggingFilter.filter(LoggingFilter.java:20)
at org.codehaus.groovy.vmplugin.v8.IndyInterface.fromCache(IndyInterface.java:344)
at io.restassured.internal.filter.FilterContextImpl.next(FilterContextImpl.groovy:73)
at org.codehaus.groovy.vmplugin.v8.IndyInterface.fromCache(IndyInterface.java:344)
at io.restassured.internal.RequestSpecificationImpl.applyPathParamsAndSendRequest(RequestSpecificationImpl.groovy:1791)
at groovy.lang.MetaMethod.doMethodInvoke(MetaMethod.java:274)
at groovy.lang.MetaClassImpl.invokeMethod(MetaClassImpl.java:1240)
at groovy.lang.MetaClassImpl.invokeMethod(MetaClassImpl.java:1013)
at groovy.lang.MetaClassImpl.invokeMethod(MetaClassImpl.java:798)
at groovy.lang.GroovyObject.invokeMethod(GroovyObject.java:39)
at org.codehaus.groovy.vmplugin.v8.IndyInterface.fromCache(IndyInterface.java:344)
at io.restassured.internal.RequestSpecificationImpl.applyPathParamsAndSendRequest(RequestSpecificationImpl.groovy:1797)
at groovy.lang.MetaMethod.doMethodInvoke(MetaMethod.java:274)
at groovy.lang.MetaClassImpl.invokeMethod(MetaClassImpl.java:1240)
at groovy.lang.MetaClassImpl.invokeMethod(MetaClassImpl.java:1013)
at groovy.lang.MetaClassImpl.invokeMethod(MetaClassImpl.java:798)
at groovy.lang.GroovyObject.invokeMethod(GroovyObject.java:39)
at org.codehaus.groovy.runtime.metaclass.TransformMetaMethod.invoke(TransformMetaMethod.java:59)
at org.codehaus.groovy.runtime.metaclass.ClosureMetaClass$1.invoke(ClosureMetaClass.java:217)
at org.codehaus.groovy.runtime.metaclass.TransformMetaMethod.doMethodInvoke(TransformMetaMethod.java:66)
at org.codehaus.groovy.runtime.metaclass.ClosureMetaClass.invokeMethod(ClosureMetaClass.java:318)
at org.codehaus.groovy.vmplugin.v8.IndyInterface.fromCache(IndyInterface.java:344)
at io.restassured.internal.RequestSpecificationImpl$_post_closure2.doCall(RequestSpecificationImpl.groovy:180)
at io.restassured.internal.RequestSpecificationImpl$_post_closure2.doCall(RequestSpecificationImpl.groovy)
at groovy.lang.MetaMethod.doMethodInvoke(MetaMethod.java:274)
at org.codehaus.groovy.runtime.metaclass.ClosureMetaClass.invokeMethod(ClosureMetaClass.java:270)
at groovy.lang.MetaClassImpl.invokeMethod(MetaClassImpl.java:1013)
at groovy.lang.Closure.call(Closure.java:471)
at org.codehaus.groovy.runtime.ConvertedClosure.invokeCustom(ConvertedClosure.java:54)
at org.codehaus.groovy.runtime.ConversionHandler.invoke(ConversionHandler.java:114)
at jdk.proxy1/jdk.proxy1.$Proxy31.get(Unknown Source)
at io.restassured.internal.assertbridge.GroovyAssertBridge.runWithUnwrap(GroovyAssertBridge.java:46)
at org.codehaus.groovy.vmplugin.v8.IndyInterface.fromCache(IndyInterface.java:344)
at io.restassured.internal.RequestSpecificationImpl.post(RequestSpecificationImpl.groovy:179)
at io.restassured.internal.RequestSpecificationImpl.post(RequestSpecificationImpl.groovy)
at com.api.base.BaseService.postRequest(BaseService.java:32)
at com.api.base.AuthService.login(AuthService.java:14)
at com.api.tests.LoginAPITest.loginTest(LoginAPITest.java:27)
at java.base/java.util.ArrayList.forEach(ArrayList.java:1596)
... Removed 37 stack frames]]>
    </failure>
  </testcase> <!-- loginTest -->
</testsuite> <!-- API Test -->
