<?xml version="1.0" encoding="UTF-8"?>
<testng-results ignored="0" total="1" passed="1" failed="0" skipped="0">
  <reporter-output>
  </reporter-output>
  <suite started-at="2026-03-04T22:29:17 IST" name="Default suite" finished-at="2026-03-04T22:29:18 IST" duration-ms="1436">
    <groups>
    </groups>
    <test started-at="2026-03-04T22:29:17 IST" name="Default test" finished-at="2026-03-04T22:29:18 IST" duration-ms="1436">
      <class name="com.api.tests.LoginAPITest">
        <test-method signature="loginTest()[pri:0, instance:com.api.tests.LoginAPITest@4550bb58]" started-at="2026-03-04T22:29:17 IST" name="loginTest" description="Verify if login API is working..." finished-at="2026-03-04T22:29:18 IST" duration-ms="1405" status="PASS">
          <reporter-output>
          </reporter-output>
        </test-method> <!-- loginTest -->
      </class> <!-- com.api.tests.LoginAPITest -->
    </test> <!-- Default test -->
  </suite> <!-- Default suite -->
</testng-results>
